Determining if the pthread_create exist failed with the following output:
Change Dir: /home/arshia/catkin_ws/src/viana_manipulator/build/CMakeFiles/CMakeTmp

Run Build Command:"/usr/bin/make" "cmTC_d378f/fast"
/usr/bin/make -f CMakeFiles/cmTC_d378f.dir/build.make CMakeFiles/cmTC_d378f.dir/build
make[1]: Entering directory '/home/arshia/catkin_ws/src/viana_manipulator/build/CMakeFiles/CMakeTmp'
Building C object CMakeFiles/cmTC_d378f.dir/CheckSymbolExists.c.o
/usr/bin/cc    -o CMakeFiles/cmTC_d378f.dir/CheckSymbolExists.c.o   -c /home/arshia/catkin_ws/src/viana_manipulator/build/CMakeFiles/CMakeTmp/CheckSymbolExists.c
Linking C executable cmTC_d378f
/usr/bin/cmake -E cmake_link_script CMakeFiles/cmTC_d378f.dir/link.txt --verbose=1
/usr/bin/cc      -rdynamic CMakeFiles/cmTC_d378f.dir/CheckSymbolExists.c.o  -o cmTC_d378f 
CMakeFiles/cmTC_d378f.dir/CheckSymbolExists.c.o: In function `main':
CheckSymbolExists.c:(.text+0x1b): undefined reference to `pthread_create'
collect2: error: ld returned 1 exit status
CMakeFiles/cmTC_d378f.dir/build.make:97: recipe for target 'cmTC_d378f' failed
make[1]: *** [cmTC_d378f] Error 1
make[1]: Leaving directory '/home/arshia/catkin_ws/src/viana_manipulator/build/CMakeFiles/CMakeTmp'
Makefile:126: recipe for target 'cmTC_d378f/fast' failed
make: *** [cmTC_d378f/fast] Error 2

File /home/arshia/catkin_ws/src/viana_manipulator/build/CMakeFiles/CMakeTmp/CheckSymbolExists.c:
/* */
#include <pthread.h>

int main(int argc, char** argv)
{
  (void)argv;
#ifndef pthread_create
  return ((int*)(&pthread_create))[argc];
#else
  (void)argc;
  return 0;
#endif
}

Determining if the function pthread_create exists in the pthreads failed with the following output:
Change Dir: /home/arshia/catkin_ws/src/viana_manipulator/build/CMakeFiles/CMakeTmp

Run Build Command:"/usr/bin/make" "cmTC_37902/fast"
/usr/bin/make -f CMakeFiles/cmTC_37902.dir/build.make CMakeFiles/cmTC_37902.dir/build
make[1]: Entering directory '/home/arshia/catkin_ws/src/viana_manipulator/build/CMakeFiles/CMakeTmp'
Building C object CMakeFiles/cmTC_37902.dir/CheckFunctionExists.c.o
/usr/bin/cc   -DCHECK_FUNCTION_EXISTS=pthread_create   -o CMakeFiles/cmTC_37902.dir/CheckFunctionExists.c.o   -c /usr/share/cmake-3.10/Modules/CheckFunctionExists.c
Linking C executable cmTC_37902
/usr/bin/cmake -E cmake_link_script CMakeFiles/cmTC_37902.dir/link.txt --verbose=1
/usr/bin/cc  -DCHECK_FUNCTION_EXISTS=pthread_create    -rdynamic CMakeFiles/cmTC_37902.dir/CheckFunctionExists.c.o  -o cmTC_37902 -lpthreads 
/usr/bin/ld: cannot find -lpthreads
collect2: error: ld returned 1 exit status
CMakeFiles/cmTC_37902.dir/build.make:97: recipe for target 'cmTC_37902' failed
make[1]: *** [cmTC_37902] Error 1
make[1]: Leaving directory '/home/arshia/catkin_ws/src/viana_manipulator/build/CMakeFiles/CMakeTmp'
Makefile:126: recipe for target 'cmTC_37902/fast' failed
make: *** [cmTC_37902/fast] Error 2


